<?xml version="1.0" encoding="UTF-8"?>
<testsuite name="com.HotComp.List.Compare.ListCompareApplicationTests" tests="1" skipped="0" failures="0" errors="0" timestamp="2019-11-25T04:06:38" hostname="DESKTOP-OMS09K9" time="0.136">
  <properties/>
  <testcase name="contextLoads()" classname="com.HotComp.List.Compare.ListCompareApplicationTests" time="0.136"/>
  <system-out><![CDATA[22:06:27.814 [Test worker] DEBUG org.springframework.test.context.BootstrapUtils - Instantiating CacheAwareContextLoaderDelegate from class [org.springframework.test.context.cache.DefaultCacheAwareContextLoaderDelegate]
22:06:27.838 [Test worker] DEBUG org.springframework.test.context.BootstrapUtils - Instantiating BootstrapContext using constructor [public org.springframework.test.context.support.DefaultBootstrapContext(java.lang.Class,org.springframework.test.context.CacheAwareContextLoaderDelegate)]
22:06:27.879 [Test worker] DEBUG org.springframework.test.context.BootstrapUtils - Instantiating TestContextBootstrapper for test class [com.HotComp.List.Compare.ListCompareApplicationTests] from class [org.springframework.boot.test.context.SpringBootTestContextBootstrapper]
22:06:27.904 [Test worker] INFO org.springframework.boot.test.context.SpringBootTestContextBootstrapper - Neither @ContextConfiguration nor @ContextHierarchy found for test class [com.HotComp.List.Compare.ListCompareApplicationTests], using SpringBootContextLoader
22:06:27.909 [Test worker] DEBUG org.springframework.test.context.support.AbstractContextLoader - Did not detect default resource location for test class [com.HotComp.List.Compare.ListCompareApplicationTests]: class path resource [com/HotComp/List/Compare/ListCompareApplicationTests-context.xml] does not exist
22:06:27.911 [Test worker] DEBUG org.springframework.test.context.support.AbstractContextLoader - Did not detect default resource location for test class [com.HotComp.List.Compare.ListCompareApplicationTests]: class path resource [com/HotComp/List/Compare/ListCompareApplicationTestsContext.groovy] does not exist
22:06:27.911 [Test worker] INFO org.springframework.test.context.support.AbstractContextLoader - Could not detect default resource locations for test class [com.HotComp.List.Compare.ListCompareApplicationTests]: no resource found for suffixes {-context.xml, Context.groovy}.
22:06:27.913 [Test worker] INFO org.springframework.test.context.support.AnnotationConfigContextLoaderUtils - Could not detect default configuration classes for test class [com.HotComp.List.Compare.ListCompareApplicationTests]: ListCompareApplicationTests does not declare any static, non-private, non-final, nested classes annotated with @Configuration.
22:06:27.973 [Test worker] DEBUG org.springframework.test.context.support.ActiveProfilesUtils - Could not find an 'annotation declaring class' for annotation type [org.springframework.test.context.ActiveProfiles] and class [com.HotComp.List.Compare.ListCompareApplicationTests]
22:06:28.139 [Test worker] DEBUG org.springframework.context.annotation.ClassPathScanningCandidateComponentProvider - Identified candidate component class: file [C:\Users\bobby\HotComp\build\classes\java\main\com\HotComp\List\Compare\ListCompareApplication.class]
22:06:28.142 [Test worker] INFO org.springframework.boot.test.context.SpringBootTestContextBootstrapper - Found @SpringBootConfiguration com.HotComp.List.Compare.ListCompareApplication for test class com.HotComp.List.Compare.ListCompareApplicationTests
22:06:28.307 [Test worker] DEBUG org.springframework.boot.test.context.SpringBootTestContextBootstrapper - @TestExecutionListeners is not present for class [com.HotComp.List.Compare.ListCompareApplicationTests]: using defaults.
22:06:28.309 [Test worker] INFO org.springframework.boot.test.context.SpringBootTestContextBootstrapper - Loaded default TestExecutionListener class names from location [META-INF/spring.factories]: [org.springframework.boot.test.autoconfigure.restdocs.RestDocsTestExecutionListener, org.springframework.boot.test.autoconfigure.web.client.MockRestServiceServerResetTestExecutionListener, org.springframework.boot.test.autoconfigure.web.servlet.MockMvcPrintOnlyOnFailureTestExecutionListener, org.springframework.boot.test.autoconfigure.web.servlet.WebDriverTestExecutionListener, org.springframework.boot.test.mock.mockito.MockitoTestExecutionListener, org.springframework.boot.test.mock.mockito.ResetMocksTestExecutionListener, org.springframework.test.context.web.ServletTestExecutionListener, org.springframework.test.context.support.DirtiesContextBeforeModesTestExecutionListener, org.springframework.test.context.support.DependencyInjectionTestExecutionListener, org.springframework.test.context.support.DirtiesContextTestExecutionListener, org.springframework.test.context.transaction.TransactionalTestExecutionListener, org.springframework.test.context.jdbc.SqlScriptsTestExecutionListener, org.springframework.test.context.event.EventPublishingTestExecutionListener]
22:06:28.338 [Test worker] INFO org.springframework.boot.test.context.SpringBootTestContextBootstrapper - Using TestExecutionListeners: [org.springframework.test.context.web.ServletTestExecutionListener@21e46dec, org.springframework.test.context.support.DirtiesContextBeforeModesTestExecutionListener@7f1e971c, org.springframework.boot.test.mock.mockito.MockitoTestExecutionListener@26d115b7, org.springframework.boot.test.autoconfigure.SpringBootDependencyInjectionTestExecutionListener@11cb07c, org.springframework.test.context.support.DirtiesContextTestExecutionListener@31526be, org.springframework.test.context.transaction.TransactionalTestExecutionListener@838f7b7, org.springframework.test.context.jdbc.SqlScriptsTestExecutionListener@266a37aa, org.springframework.test.context.event.EventPublishingTestExecutionListener@4291ec4b, org.springframework.boot.test.autoconfigure.restdocs.RestDocsTestExecutionListener@681b0271, org.springframework.boot.test.autoconfigure.web.client.MockRestServiceServerResetTestExecutionListener@27d1c58a, org.springframework.boot.test.autoconfigure.web.servlet.MockMvcPrintOnlyOnFailureTestExecutionListener@50f171bd, org.springframework.boot.test.autoconfigure.web.servlet.WebDriverTestExecutionListener@1d4f2c5c, org.springframework.boot.test.mock.mockito.ResetMocksTestExecutionListener@2df7bd0e]
22:06:28.346 [Test worker] DEBUG org.springframework.test.context.support.AbstractDirtiesContextTestExecutionListener - Before test class: context [DefaultTestContext@3e4ef262 testClass = ListCompareApplicationTests, testInstance = [null], testMethod = [null], testException = [null], mergedContextConfiguration = [WebMergedContextConfiguration@704df123 testClass = ListCompareApplicationTests, locations = '{}', classes = '{class com.HotComp.List.Compare.ListCompareApplication}', contextInitializerClasses = '[]', activeProfiles = '{}', propertySourceLocations = '{}', propertySourceProperties = '{org.springframework.boot.test.context.SpringBootTestContextBootstrapper=true}', contextCustomizers = set[org.springframework.boot.test.autoconfigure.properties.PropertyMappingContextCustomizer@0, org.springframework.boot.test.autoconfigure.web.servlet.WebDriverContextCustomizerFactory$Customizer@55cd4c1e, org.springframework.boot.test.context.filter.ExcludeFilterContextCustomizer@620513bb, org.springframework.boot.test.json.DuplicateJsonObjectContextCustomizerFactory$DuplicateJsonObjectContextCustomizer@17d5b165, org.springframework.boot.test.mock.mockito.MockitoContextCustomizer@0, org.springframework.boot.test.web.client.TestRestTemplateContextCustomizer@69977cd0], resourceBasePath = 'src/main/webapp', contextLoader = 'org.springframework.boot.test.context.SpringBootContextLoader', parent = [null]], attributes = map['org.springframework.test.context.web.ServletTestExecutionListener.activateListener' -> true]], class annotated with @DirtiesContext [false] with mode [null].
22:06:28.391 [Test worker] DEBUG org.springframework.test.context.support.TestPropertySourceUtils - Adding inlined properties to environment: {spring.jmx.enabled=false, org.springframework.boot.test.context.SpringBootTestContextBootstrapper=true, server.port=-1}

  .   ____          _            __ _ _
 /\\ / ___'_ __ _ _(_)_ __  __ _ \ \ \ \
( ( )\___ | '_ | '_| | '_ \/ _` | \ \ \ \
 \\/  ___)| |_)| | | | | || (_| |  ) ) ) )
  '  |____| .__|_| |_|_| |_\__, | / / / /
 =========|_|==============|___/=/_/_/_/
 :: Spring Boot ::        (v2.2.1.RELEASE)

2019-11-24 22:06:29.026  INFO 19968 --- [    Test worker] c.H.L.C.ListCompareApplicationTests      : Starting ListCompareApplicationTests on DESKTOP-OMS09K9 with PID 19968 (started by bobby in C:\Users\bobby\HotComp)
2019-11-24 22:06:29.030  INFO 19968 --- [    Test worker] c.H.L.C.ListCompareApplicationTests      : No active profile set, falling back to default profiles: default
2019-11-24 22:06:30.848  INFO 19968 --- [    Test worker] .s.d.r.c.RepositoryConfigurationDelegate : Multiple Spring Data modules found, entering strict repository configuration mode!
2019-11-24 22:06:30.851  INFO 19968 --- [    Test worker] .s.d.r.c.RepositoryConfigurationDelegate : Bootstrapping Spring Data repositories in DEFAULT mode.
2019-11-24 22:06:31.143  INFO 19968 --- [    Test worker] .s.d.r.c.RepositoryConfigurationDelegate : Finished Spring Data repository scanning in 274ms. Found 3 repository interfaces.
2019-11-24 22:06:31.182  INFO 19968 --- [    Test worker] .s.d.r.c.RepositoryConfigurationDelegate : Multiple Spring Data modules found, entering strict repository configuration mode!
2019-11-24 22:06:31.184  INFO 19968 --- [    Test worker] .s.d.r.c.RepositoryConfigurationDelegate : Bootstrapping Spring Data repositories in DEFAULT mode.
2019-11-24 22:06:31.207  INFO 19968 --- [    Test worker] .RepositoryConfigurationExtensionSupport : Spring Data Redis - Could not safely identify store assignment for repository candidate interface com.HotComp.List.Compare.models.data.AttendeeDao. If you want this repository to be a Redis repository, consider annotating your entities with one of these annotations: org.springframework.data.redis.core.RedisHash (preferred), or consider extending one of the following types with your repository: org.springframework.data.keyvalue.repository.KeyValueRepository.
2019-11-24 22:06:31.213  INFO 19968 --- [    Test worker] .RepositoryConfigurationExtensionSupport : Spring Data Redis - Could not safely identify store assignment for repository candidate interface com.HotComp.List.Compare.models.data.RoomingDao. If you want this repository to be a Redis repository, consider annotating your entities with one of these annotations: org.springframework.data.redis.core.RedisHash (preferred), or consider extending one of the following types with your repository: org.springframework.data.keyvalue.repository.KeyValueRepository.
2019-11-24 22:06:31.214  INFO 19968 --- [    Test worker] .RepositoryConfigurationExtensionSupport : Spring Data Redis - Could not safely identify store assignment for repository candidate interface com.HotComp.List.Compare.models.data.UserDao. If you want this repository to be a Redis repository, consider annotating your entities with one of these annotations: org.springframework.data.redis.core.RedisHash (preferred), or consider extending one of the following types with your repository: org.springframework.data.keyvalue.repository.KeyValueRepository.
2019-11-24 22:06:31.215  INFO 19968 --- [    Test worker] .s.d.r.c.RepositoryConfigurationDelegate : Finished Spring Data repository scanning in 16ms. Found 0 repository interfaces.
2019-11-24 22:06:32.072  INFO 19968 --- [    Test worker] trationDelegate$BeanPostProcessorChecker : Bean 'org.springframework.transaction.annotation.ProxyTransactionManagementConfiguration' of type [org.springframework.transaction.annotation.ProxyTransactionManagementConfiguration] is not eligible for getting processed by all BeanPostProcessors (for example: not eligible for auto-proxying)
2019-11-24 22:06:32.647  INFO 19968 --- [    Test worker] o.hibernate.jpa.internal.util.LogHelper  : HHH000204: Processing PersistenceUnitInfo [name: default]
2019-11-24 22:06:32.775  INFO 19968 --- [    Test worker] org.hibernate.Version                    : HHH000412: Hibernate Core {5.4.8.Final}
2019-11-24 22:06:33.043  INFO 19968 --- [    Test worker] o.hibernate.annotations.common.Version   : HCANN000001: Hibernate Commons Annotations {5.1.0.Final}
2019-11-24 22:06:33.273  INFO 19968 --- [    Test worker] com.zaxxer.hikari.HikariDataSource       : HikariPool-1 - Starting...
2019-11-24 22:06:33.478  INFO 19968 --- [    Test worker] com.zaxxer.hikari.HikariDataSource       : HikariPool-1 - Start completed.
2019-11-24 22:06:33.500  INFO 19968 --- [    Test worker] org.hibernate.dialect.Dialect            : HHH000400: Using dialect: org.hibernate.dialect.MySQL5Dialect
2019-11-24 22:06:34.790  INFO 19968 --- [    Test worker] o.h.e.t.j.p.i.JtaPlatformInitiator       : HHH000490: Using JtaPlatform implementation: [org.hibernate.engine.transaction.jta.platform.internal.NoJtaPlatform]
2019-11-24 22:06:34.800  INFO 19968 --- [    Test worker] j.LocalContainerEntityManagerFactoryBean : Initialized JPA EntityManagerFactory for persistence unit 'default'
2019-11-24 22:06:35.918  WARN 19968 --- [    Test worker] JpaBaseConfiguration$JpaWebConfiguration : spring.jpa.open-in-view is enabled by default. Therefore, database queries may be performed during view rendering. Explicitly configure spring.jpa.open-in-view to disable this warning
2019-11-24 22:06:36.746  INFO 19968 --- [    Test worker] o.s.s.concurrent.ThreadPoolTaskExecutor  : Initializing ExecutorService 'applicationTaskExecutor'
2019-11-24 22:06:38.417  INFO 19968 --- [    Test worker] c.H.L.C.ListCompareApplicationTests      : Started ListCompareApplicationTests in 10.01 seconds (JVM running for 12.218)
]]></system-out>
  <system-err><![CDATA[]]></system-err>
</testsuite>
